#
# A fatal error has been detected by the Java Runtime Environment:
#
#  SIGSEGV (0xb) at pc=0x00007f7198d75529, pid=1, tid=0x00007f7199b41700
#
# JRE version: OpenJDK Runtime Environment (8.0_171-b11) (build 1.8.0_171-8u171-b11-1~deb9u1-b11)
# Java VM: OpenJDK 64-Bit Server VM (25.171-b11 mixed mode linux-amd64 compressed oops)
# Problematic frame:
# C  [libc.so.6+0x34529]  abort+0x269
#
# Core dump written. Default location: /home/gradle/project/core or core.1
#
# If you would like to submit a bug report, please visit:
#   http://bugreport.java.com/bugreport/crash.jsp
# The crash happened outside the Java Virtual Machine in native code.
# See problematic frame for where to report the bug.
#

---------------  T H R E A D  ---------------

Current thread (0x00007f719000a800):  JavaThread "main" [_thread_in_native, id=22, stack(0x00007f7199a41000,0x00007f7199b42000)]

siginfo: si_signo: 11 (SIGSEGV), si_code: 128 (SI_KERNEL), si_addr: 0x0000000000000000

Registers:
RAX=0x0000000000000006, RBX=0x00007f717bfacd48, RCX=0x00007f7198d73fff, RDX=0x0000000000000000
RSP=0x00007f7199b3cea0, RBP=0x00007f7199b3d110, RSI=0x00007f7199b3cd90, RDI=0x0000000000000002
R8 =0x0000000000000000, R9 =0x00007f7199b3cd90, R10=0x0000000000000008, R11=0x0000000000000246
R12=0x00007fff1a2f6048, R13=0x00007fff1a2f6088, R14=0x00007f717bfacd50, R15=0x0000000000000000
RIP=0x00007f7198d75529, EFLAGS=0x0000000000010246, CSGSFS=0x002b000000000033, ERR=0x0000000000000000
  TRAPNO=0x000000000000000d

Top of Stack: (sp=0x00007f7199b3cea0)
0x00007f7199b3cea0:   0000000000000020 0000000000000000
0x00007f7199b3ceb0:   0000000000000000 0000000000000000
0x00007f7199b3cec0:   0000000000000000 0000000000000000
0x00007f7199b3ced0:   0000000000000000 0000000000000000
0x00007f7199b3cee0:   0000000000000000 0000000000000000
0x00007f7199b3cef0:   0000000000000000 0000000000000000
0x00007f7199b3cf00:   0000000000000000 0000000000000000
0x00007f7199b3cf10:   0000000000000000 0000000000000000
0x00007f7199b3cf20:   0000000000000000 ffffffffffffffff
0x00007f7199b3cf30:   ffffffffffffffff ffffffffffffffff
0x00007f7199b3cf40:   ffffffffffffffff ffffffffffffffff
0x00007f7199b3cf50:   ffffffffffffffff ffffffffffffffff
0x00007f7199b3cf60:   ffffffffffffffff ffffffffffffffff
0x00007f7199b3cf70:   ffffffffffffffff ffffffffffffffff
0x00007f7199b3cf80:   ffffffffffffffff ffffffffffffffff
0x00007f7199b3cf90:   ffffffffffffffff ffffffffffffffff
0x00007f7199b3cfa0:   ffffffffffffffff 0000000000000000
0x00007f7199b3cfb0:   0000000000000000 00007f719056dcb0
0x00007f7199b3cfc0:   0000000000000008 00007f717bd9a57f
0x00007f7199b3cfd0:   000000003ffffff8 000000003ffffff8
0x00007f7199b3cfe0:   0000001400000001 0000559f05d7e120
0x00007f7199b3cff0:   00007f7199b3cfb0 f53088a43afd23d5
0x00007f7199b3d000:   00007f717bfacd70 00007f71999372ef
0x00007f7199b3d010:   0000006e00000001 00007f717bd99608
0x00007f7199b3d020:   00007f719056dcb0 0000000000000006
0x00007f7199b3d030:   0000005f00000006 00007f717bd97768
0x00007f7199b3d040:   00007f7199b3d180 00007f719993574d
0x00007f7199b3d050:   0000000000000000 00007f7199935b7a
0x00007f7199b3d060:   0000006e0000005b 0000000000000000
0x00007f7199b3d070:   00007f7199b3d0f8 00007f7199b3d108
0x00007f7199b3d080:   0000000000000000 00007f7199b3d150
0x00007f7199b3d090:   0000000000000000 00007f7199b3d100 

Instructions: (pc=0x00007f7198d75529)
0x00007f7198d75509:   00 00 c7 05 cb 66 36 00 06 00 00 00 e8 16 ea ff
0x00007f7198d75519:   ff 8b 05 c0 66 36 00 83 f8 06 0f 85 39 fe ff ff
0x00007f7198d75529:   f4 bf 7f 00 00 00 c7 05 a7 66 36 00 08 00 00 00
0x00007f7198d75539:   e8 a2 40 08 00 66 90 41 57 41 56 41 55 41 54 55 

Register to memory mapping:

RAX=0x0000000000000006 is an unknown value
RBX=0x00007f717bfacd48: <offset 0x216d48> in /usr/lib/jvm/java-8-openjdk-amd64/jre/lib/amd64/libnet.so at 0x00007f717bd96000
RCX=0x00007f7198d73fff: gsignal+0xcf in /lib/x86_64-linux-gnu/libc.so.6 at 0x00007f7198d41000
RDX=0x0000000000000000 is an unknown value
RSP=0x00007f7199b3cea0 is pointing into the stack for thread: 0x00007f719000a800
RBP=0x00007f7199b3d110 is pointing into the stack for thread: 0x00007f719000a800
RSI=0x00007f7199b3cd90 is pointing into the stack for thread: 0x00007f719000a800
RDI=0x0000000000000002 is an unknown value
R8 =0x0000000000000000 is an unknown value
R9 =0x00007f7199b3cd90 is pointing into the stack for thread: 0x00007f719000a800
R10=0x0000000000000008 is an unknown value
R11=0x0000000000000246 is an unknown value
R12=0x00007fff1a2f6048 is an unknown value
R13=0x00007fff1a2f6088 is an unknown value
R14=0x00007f717bfacd50: <offset 0x216d50> in /usr/lib/jvm/java-8-openjdk-amd64/jre/lib/amd64/libnet.so at 0x00007f717bd96000
R15=0x0000000000000000 is an unknown value


Stack: [0x00007f7199a41000,0x00007f7199b42000],  sp=0x00007f7199b3cea0,  free space=1007k
Native frames: (J=compiled Java code, j=interpreted, Vv=VM code, C=native code)
C  [libc.so.6+0x34529]  abort+0x269
C  [ld-linux-x86-64.so.2+0xf85a]

Java frames: (J=compiled Java code, j=interpreted, Vv=VM code)
j  java.lang.ClassLoader$NativeLibrary.load(Ljava/lang/String;Z)V+0
j  java.lang.ClassLoader.loadLibrary0(Ljava/lang/Class;Ljava/io/File;)Z+328
j  java.lang.ClassLoader.loadLibrary(Ljava/lang/Class;Ljava/lang/String;Z)V+217
j  java.lang.Runtime.loadLibrary0(Ljava/lang/Class;Ljava/lang/String;)V+54
j  java.lang.System.loadLibrary(Ljava/lang/String;)V+7
j  sun.nio.ch.IOUtil$1.run()Ljava/lang/Void;+2
j  sun.nio.ch.IOUtil$1.run()Ljava/lang/Object;+1
v  ~StubRoutines::call_stub
j  java.security.AccessController.doPrivileged(Ljava/security/PrivilegedAction;)Ljava/lang/Object;+0
j  sun.nio.ch.IOUtil.<clinit>()V+23
v  ~StubRoutines::call_stub
j  sun.nio.ch.FileChannelImpl.<clinit>()V+28
v  ~StubRoutines::call_stub
j  java.io.RandomAccessFile.getChannel()Ljava/nio/channels/FileChannel;+26
j  net.rubygrapefruit.platform.internal.NativeLibraryLocator.find(Lnet/rubygrapefruit/platform/internal/LibraryDef;)Ljava/io/File;+139
j  net.rubygrapefruit.platform.internal.NativeLibraryLoader.load(Ljava/lang/String;Ljava/util/List;)V+60
j  net.rubygrapefruit.platform.Native.init(Ljava/io/File;)V+45
j  org.gradle.internal.nativeintegration.services.NativeServices.initialize(Ljava/io/File;Z)V+33
j  org.gradle.internal.nativeintegration.services.NativeServices.initialize(Ljava/io/File;)V+2
j  org.gradle.launcher.cli.CommandLineActionFactory$WithLogging.execute(Lorg/gradle/launcher/bootstrap/ExecutionListener;)V+314
j  org.gradle.launcher.cli.CommandLineActionFactory$WithLogging.execute(Ljava/lang/Object;)V+5
j  org.gradle.launcher.Main.doAction([Ljava/lang/String;Lorg/gradle/launcher/bootstrap/ExecutionListener;)V+20
j  org.gradle.launcher.bootstrap.EntryPoint.run([Ljava/lang/String;)V+12
v  ~StubRoutines::call_stub
j  sun.reflect.NativeMethodAccessorImpl.invoke0(Ljava/lang/reflect/Method;Ljava/lang/Object;[Ljava/lang/Object;)Ljava/lang/Object;+0
j  sun.reflect.NativeMethodAccessorImpl.invoke(Ljava/lang/Object;[Ljava/lang/Object;)Ljava/lang/Object;+100
j  sun.reflect.DelegatingMethodAccessorImpl.invoke(Ljava/lang/Object;[Ljava/lang/Object;)Ljava/lang/Object;+6
j  java.lang.reflect.Method.invoke(Ljava/lang/Object;[Ljava/lang/Object;)Ljava/lang/Object;+56
j  org.gradle.launcher.bootstrap.ProcessBootstrap.runNoExit(Ljava/lang/String;[Ljava/lang/String;)V+147
j  org.gradle.launcher.bootstrap.ProcessBootstrap.run(Ljava/lang/String;[Ljava/lang/String;)V+3
j  org.gradle.launcher.GradleMain.main([Ljava/lang/String;)V+10
v  ~StubRoutines::call_stub

---------------  P R O C E S S  ---------------

Java Threads: ( => current thread )
  0x00007f71900c3000 JavaThread "Service Thread" daemon [_thread_blocked, id=31, stack(0x00007f7180483000,0x00007f7180584000)]
  0x00007f71900b8000 JavaThread "C1 CompilerThread1" daemon [_thread_blocked, id=30, stack(0x00007f7180584000,0x00007f7180685000)]
  0x00007f71900b5000 JavaThread "C2 CompilerThread0" daemon [_thread_blocked, id=29, stack(0x00007f7180685000,0x00007f7180786000)]
  0x00007f71900b3800 JavaThread "Signal Dispatcher" daemon [_thread_blocked, id=28, stack(0x00007f7180786000,0x00007f7180887000)]
  0x00007f7190080000 JavaThread "Finalizer" daemon [_thread_blocked, id=27, stack(0x00007f71809fa000,0x00007f7180afb000)]
  0x00007f719007b800 JavaThread "Reference Handler" daemon [_thread_blocked, id=26, stack(0x00007f7180afb000,0x00007f7180bfc000)]
=>0x00007f719000a800 JavaThread "main" [_thread_in_native, id=22, stack(0x00007f7199a41000,0x00007f7199b42000)]

Other Threads:
  0x00007f7190074000 VMThread [stack: 0x00007f7180bfc000,0x00007f7180cfd000] [id=25]
  0x00007f71900c5800 WatcherThread [stack: 0x00007f7180382000,0x00007f7180483000] [id=32]

VM state:not at safepoint (normal execution)

VM Mutex/Monitor currently owned by a thread: None

Heap:
 PSYoungGen      total 48640K, used 15996K [0x000000078a780000, 0x000000078dd80000, 0x00000007c0000000)
  eden space 41984K, 38% used [0x000000078a780000,0x000000078b71f000,0x000000078d080000)
  from space 6656K, 0% used [0x000000078d700000,0x000000078d700000,0x000000078dd80000)
  to   space 6656K, 0% used [0x000000078d080000,0x000000078d080000,0x000000078d700000)
 ParOldGen       total 110592K, used 0K [0x000000071f600000, 0x0000000726200000, 0x000000078a780000)
  object space 110592K, 0% used [0x000000071f600000,0x000000071f600000,0x0000000726200000)
 Metaspace       used 5928K, capacity 6032K, committed 6272K, reserved 1056768K
  class space    used 744K, capacity 780K, committed 896K, reserved 1048576K

Card table byte_map: [0x00007f7195c07000,0x00007f719610d000] byte_map_base: 0x00007f719230c000

Marking Bits: (ParMarkBitMap*) 0x00007f7198d24320
 Begin Bits: [0x00007f7173fb0000, 0x00007f71767d8000)
 End Bits:   [0x00007f71767d8000, 0x00007f7179000000)

Polling page: 0x00007f7199b49000

CodeCache: size=245760Kb used=2053Kb max_used=2053Kb free=243706Kb
 bounds [0x00007f7181000000, 0x00007f7181270000, 0x00007f7190000000]
 total_blobs=715 nmethods=440 adapters=190
 compilation: enabled

Compilation events (10 events):
Event: 0.507 Thread 0x00007f71900b8000  436   !   3       java.util.zip.Inflater::reset (69 bytes)
Event: 0.507 Thread 0x00007f71900b8000 nmethod 436 0x00007f71811fb950 code [0x00007f71811fbae0, 0x00007f71811fbf38]
Event: 0.511 Thread 0x00007f71900b8000  437       3       sun.net.www.protocol.jar.Handler::indexOfBangSlash (52 bytes)
Event: 0.511 Thread 0x00007f71900b8000 nmethod 437 0x00007f71811fc110 code [0x00007f71811fc2c0, 0x00007f71811fc998]
Event: 0.511 Thread 0x00007f71900b8000  438       3       sun.net.www.ParseUtil::canonizeString (195 bytes)
Event: 0.512 Thread 0x00007f71900b8000 nmethod 438 0x00007f71811fcc10 code [0x00007f71811fcfe0, 0x00007f71811ff468]
Event: 0.512 Thread 0x00007f71900b8000  440       1       java.util.Formatter$Flags::valueOf (5 bytes)
Event: 0.512 Thread 0x00007f71900b8000 nmethod 440 0x00007f71811f7910 code [0x00007f71811f7a60, 0x00007f71811f7b70]
Event: 0.512 Thread 0x00007f71900b8000  439  s    3       java.util.jar.JarFile::getInputStream (89 bytes)
Event: 0.513 Thread 0x00007f71900b8000 nmethod 439 0x00007f7181200450 code [0x00007f7181200660, 0x00007f71812011d8]

GC Heap History (0 events):
No events

Deoptimization events (0 events):
No events

Classes redefined (0 events):
No events

Internal exceptions (10 events):
Event: 0.205 Thread 0x00007f719000a800 Exception <a 'java/security/PrivilegedActionException'> (0x000000078aba0e98) thrown at [/build/openjdk-8-8u171-b11/src/hotspot/src/share/vm/prims/jvm.cpp, line 1435]
Event: 0.205 Thread 0x00007f719000a800 Exception <a 'java/security/PrivilegedActionException'> (0x000000078aba2f20) thrown at [/build/openjdk-8-8u171-b11/src/hotspot/src/share/vm/prims/jvm.cpp, line 1435]
Event: 0.205 Thread 0x00007f719000a800 Exception <a 'java/security/PrivilegedActionException'> (0x000000078aba3130) thrown at [/build/openjdk-8-8u171-b11/src/hotspot/src/share/vm/prims/jvm.cpp, line 1435]
Event: 0.205 Thread 0x00007f719000a800 Exception <a 'java/security/PrivilegedActionException'> (0x000000078aba3c08) thrown at [/build/openjdk-8-8u171-b11/src/hotspot/src/share/vm/prims/jvm.cpp, line 1435]
Event: 0.205 Thread 0x00007f719000a800 Exception <a 'java/security/PrivilegedActionException'> (0x000000078aba3e18) thrown at [/build/openjdk-8-8u171-b11/src/hotspot/src/share/vm/prims/jvm.cpp, line 1435]
Event: 0.392 Thread 0x00007f719000a800 Exception <a 'java/lang/ArrayIndexOutOfBoundsException': 100> (0x000000078afd4120) thrown at [/build/openjdk-8-8u171-b11/src/hotspot/src/share/vm/interpreter/interpreterRuntime.cpp, line 366]
Event: 0.393 Thread 0x00007f719000a800 Exception <a 'java/lang/ArrayIndexOutOfBoundsException': 18> (0x000000078afd5058) thrown at [/build/openjdk-8-8u171-b11/src/hotspot/src/share/vm/interpreter/interpreterRuntime.cpp, line 366]
Event: 0.393 Thread 0x00007f719000a800 Exception <a 'java/lang/ArrayIndexOutOfBoundsException': 40> (0x000000078afd5c88) thrown at [/build/openjdk-8-8u171-b11/src/hotspot/src/share/vm/interpreter/interpreterRuntime.cpp, line 366]
Event: 0.473 Thread 0x00007f719000a800 Exception <a 'java/lang/ArrayIndexOutOfBoundsException'> (0x000000078b4d1188) thrown at [/build/openjdk-8-8u171-b11/src/hotspot/src/share/vm/runtime/sharedRuntime.cpp, line 605]
Event: 0.473 Thread 0x00007f719000a800 Exception <a 'java/lang/ArrayIndexOutOfBoundsException'> (0x000000078b4d1e60) thrown at [/build/openjdk-8-8u171-b11/src/hotspot/src/share/vm/runtime/sharedRuntime.cpp, line 605]

Events (10 events):
Event: 0.514 loading class java/nio/channels/InterruptibleChannel done
Event: 0.514 loading class java/nio/channels/spi/AbstractInterruptibleChannel done
Event: 0.514 loading class java/nio/channels/FileChannel done
Event: 0.514 loading class sun/nio/ch/FileChannelImpl done
Event: 0.514 loading class java/nio/file/attribute/FileAttribute
Event: 0.514 loading class java/nio/file/attribute/FileAttribute done
Event: 0.514 loading class sun/nio/ch/IOUtil
Event: 0.514 loading class sun/nio/ch/IOUtil done
Event: 0.514 loading class sun/nio/ch/IOUtil$1
Event: 0.514 loading class sun/nio/ch/IOUtil$1 done


Dynamic libraries:
71f600000-726200000 rw-p 00000000 00:00 0 
726200000-78a780000 ---p 00000000 00:00 0 
78a780000-78dd80000 rw-p 00000000 00:00 0 
78dd80000-7c0000000 ---p 00000000 00:00 0 
7c0000000-7c00e0000 rw-p 00000000 00:00 0 
7c00e0000-800000000 ---p 00000000 00:00 0 
559f04a00000-559f04a01000 r-xp 00000000 00:20 15364                      /usr/lib/jvm/java-8-openjdk-amd64/jre/bin/java
559f04c00000-559f04c01000 r--p 00000000 00:20 15364                      /usr/lib/jvm/java-8-openjdk-amd64/jre/bin/java
559f04c01000-559f04c02000 rw-p 00001000 00:20 15364                      /usr/lib/jvm/java-8-openjdk-amd64/jre/bin/java
559f05d7e000-559f05d9f000 rw-p 00000000 00:00 0                          [heap]
7f714c000000-7f714c021000 rw-p 00000000 00:00 0 
7f714c021000-7f7150000000 ---p 00000000 00:00 0 
7f7150000000-7f7150021000 rw-p 00000000 00:00 0 
7f7150021000-7f7154000000 ---p 00000000 00:00 0 
7f7154000000-7f71541ec000 rw-p 00000000 00:00 0 
7f71541ec000-7f7158000000 ---p 00000000 00:00 0 
7f7158000000-7f715820b000 rw-p 00000000 00:00 0 
7f715820b000-7f715c000000 ---p 00000000 00:00 0 
7f715c000000-7f715c021000 rw-p 00000000 00:00 0 
7f715c021000-7f7160000000 ---p 00000000 00:00 0 
7f7160000000-7f7160021000 rw-p 00000000 00:00 0 
7f7160021000-7f7164000000 ---p 00000000 00:00 0 
7f7164000000-7f7164021000 rw-p 00000000 00:00 0 
7f7164021000-7f7168000000 ---p 00000000 00:00 0 
7f7168000000-7f7168021000 rw-p 00000000 00:00 0 
7f7168021000-7f716c000000 ---p 00000000 00:00 0 
7f716c000000-7f716c021000 rw-p 00000000 00:00 0 
7f716c021000-7f7170000000 ---p 00000000 00:00 0 
7f7173fb0000-7f7179000000 rw-p 00000000 00:00 0 
7f717bd96000-7f717bdad000 r-xp 00000000 00:20 15407                      /usr/lib/jvm/java-8-openjdk-amd64/jre/lib/amd64/libnet.so
7f717bdad000-7f717bfac000 ---p 00017000 00:20 15407                      /usr/lib/jvm/java-8-openjdk-amd64/jre/lib/amd64/libnet.so
7f717bfac000-7f717bfad000 r--p 00016000 00:20 15407                      /usr/lib/jvm/java-8-openjdk-amd64/jre/lib/amd64/libnet.so
7f717bfad000-7f717bfae000 rw-p 00017000 00:20 15407                      /usr/lib/jvm/java-8-openjdk-amd64/jre/lib/amd64/libnet.so
7f717bfae000-7f717bfbc000 r--s 0004a000 00:20 26032                      /opt/gradle/lib/gradle-tooling-api-4.8.1.jar
7f717bfbc000-7f717bfcb000 r--s 000d7000 00:20 26046                      /opt/gradle/lib/kotlin-stdlib-1.2.41.jar
7f717bfcb000-7f717c000000 r--s 00240000 00:20 26043                      /opt/gradle/lib/kotlin-reflect-1.2.41.jar
7f717c000000-7f717c021000 rw-p 00000000 00:00 0 
7f717c021000-7f7180000000 ---p 00000000 00:00 0 
7f7180008000-7f7180009000 r--s 00006000 00:20 26033                      /opt/gradle/lib/gradle-wrapper-4.8.1.jar
7f7180009000-7f718000b000 r--s 00002000 00:20 26048                      /opt/gradle/lib/kotlin-stdlib-jdk8-1.2.41.jar
7f718000b000-7f718000c000 r--s 00000000 00:20 26047                      /opt/gradle/lib/kotlin-stdlib-jdk7-1.2.41.jar
7f718000c000-7f718000e000 r--s 00008000 00:20 26045                      /opt/gradle/lib/kotlin-script-runtime-1.2.41.jar
7f718000e000-7f718000f000 r--s 00002000 00:20 26044                      /opt/gradle/lib/kotlin-sam-with-receiver-compiler-plugin-1.2.41.jar
7f718000f000-7f718004b000 rw-p 00000000 00:00 0 
7f718004b000-7f7180208000 r--s 018a9000 00:20 26042                      /opt/gradle/lib/kotlin-compiler-embeddable-1.2.41.jar
7f7180208000-7f718020a000 r--s 00000000 00:20 26021                      /opt/gradle/lib/gradle-kotlin-dsl-tooling-models-0.17.5.jar
7f718020a000-7f718020b000 r--s 00003000 00:20 26019                      /opt/gradle/lib/gradle-kotlin-dsl-provider-spi-0.17.5.jar
7f718020b000-7f718020d000 r--s 00003000 00:20 25995                      /opt/gradle/lib/annotations-13.0.jar
7f718020d000-7f718021c000 r--s 000b6000 00:20 26017                      /opt/gradle/lib/gradle-kotlin-dsl-0.17.5.jar
7f718021c000-7f7180220000 r--s 00013000 00:20 26009                      /opt/gradle/lib/gradle-build-cache-4.8.1.jar
7f7180220000-7f7180226000 r--s 0002e000 00:20 26028                      /opt/gradle/lib/gradle-persistent-cache-4.8.1.jar
7f7180226000-7f718022a000 r--s 00014000 00:20 26030                      /opt/gradle/lib/gradle-resources-4.8.1.jar
7f718022a000-7f718022b000 r--s 00003000 00:20 26010                      /opt/gradle/lib/gradle-build-option-4.8.1.jar
7f718022b000-7f718022d000 r--s 00005000 00:20 26011                      /opt/gradle/lib/gradle-cli-4.8.1.jar
7f718022d000-7f718022f000 r--s 00004000 00:20 26050                      /opt/gradle/lib/log4j-over-slf4j-1.7.16.jar
7f718022f000-7f7180231000 r--s 00000000 00:20 26041                      /opt/gradle/lib/jul-to-slf4j-1.7.16.jar
7f7180231000-7f7180233000 r--s 00003000 00:20 26039                      /opt/gradle/lib/jcl-over-slf4j-1.7.16.jar
7f7180233000-7f718023a000 r--s 00032000 00:20 26023                      /opt/gradle/lib/gradle-logging-4.8.1.jar
7f718023a000-7f7180249000 r--s 00083000 00:20 26025                      /opt/gradle/lib/gradle-model-core-4.8.1.jar
7f7180249000-7f718024b000 r--s 00006000 00:20 26008                      /opt/gradle/lib/gradle-base-services-groovy-4.8.1.jar
7f718024b000-7f718024d000 r--s 00007000 00:20 26026                      /opt/gradle/lib/gradle-model-groovy-4.8.1.jar
7f718024d000-7f718024f000 r--s 00002000 00:20 26014                      /opt/gradle/lib/gradle-docs-4.8.1.jar
7f718024f000-7f7180258000 r--s 0002d000 00:20 26190                      /opt/gradle/lib/xml-apis-1.4.01.jar
7f7180258000-7f7180259000 r--s 00000000 00:20 26037                      /opt/gradle/lib/javax.inject-1.jar
7f7180259000-7f71802c9000 r--s 00646000 00:20 26034                      /opt/gradle/lib/groovy-all-2.4.12.jar
7f71802c9000-7f71802d3000 r--s 00078000 00:20 26003                      /opt/gradle/lib/commons-compress-1.14.jar
7f71802d3000-7f71802e0000 r--s 00083000 00:20 26002                      /opt/gradle/lib/commons-collections-3.2.2.jar
7f71802e0000-7f71802e1000 r--s 00007000 00:20 25999                      /opt/gradle/lib/asm-analysis-6.1.1.jar
7f71802e1000-7f71802e3000 r--s 0000b000 00:20 26001                      /opt/gradle/lib/asm-tree-6.1.1.jar
7f71802e3000-7f71802e4000 r--s 00012000 00:20 26000                      /opt/gradle/lib/asm-commons-6.1.1.jar
7f71802e4000-7f71802e5000 r--s 00004000 00:20 26053                      /opt/gradle/lib/native-platform-freebsd-amd64-libcpp-0.14.jar
7f71802e5000-7f71802e6000 r--s 00004000 00:20 26054                      /opt/gradle/lib/native-platform-freebsd-amd64-libstdcpp-0.14.jar
7f71802e6000-7f71802e7000 r--s 00004000 00:20 26055                      /opt/gradle/lib/native-platform-freebsd-i386-libcpp-0.14.jar
7f71802e7000-7f71802e8000 r--s 00003000 00:20 26056                      /opt/gradle/lib/native-platform-freebsd-i386-libstdcpp-0.14.jar
7f71802e8000-7f71802e9000 r--s 00002000 00:20 26057                      /opt/gradle/lib/native-platform-linux-amd64-0.14.jar
7f71802e9000-7f71802ea000 r--s 00002000 00:20 26060                      /opt/gradle/lib/native-platform-linux-i386-0.14.jar
7f71802ea000-7f71802ec000 r--s 00002000 00:20 26063                      /opt/gradle/lib/native-platform-osx-amd64-0.14.jar
7f71802ec000-7f71802ed000 r--s 00003000 00:20 26064                      /opt/gradle/lib/native-platform-osx-i386-0.14.jar
7f71802ed000-7f71802ef000 r--s 0000b000 00:20 26065                      /opt/gradle/lib/native-platform-windows-amd64-0.14.jar
7f71802ef000-7f71802f0000 r--s 0000b000 00:20 26066                      /opt/gradle/lib/native-platform-windows-i386-0.14.jar
7f71802f0000-7f71802f1000 r--s 00001000 00:20 26058                      /opt/gradle/lib/native-platform-linux-amd64-ncurses5-0.14.jar
7f71802f1000-7f71802f2000 r--s 00001000 00:20 26059                      /opt/gradle/lib/native-platform-linux-amd64-ncurses6-0.14.jar
7f71802f2000-7f71802f3000 r--s 00001000 00:20 26061                      /opt/gradle/lib/native-platform-linux-i386-ncurses5-0.14.jar
7f71802f3000-7f71802f4000 r--s 00001000 00:20 26062                      /opt/gradle/lib/native-platform-linux-i386-ncurses6-0.14.jar
7f71802f4000-7f71802f8000 r--s 00012000 00:20 26052                      /opt/gradle/lib/native-platform-0.14.jar
7f71802f8000-7f71802fb000 r--s 00023000 00:20 26036                      /opt/gradle/lib/jansi-1.14.jar
7f71802fb000-7f71802fe000 r--s 0000c000 00:20 26027                      /opt/gradle/lib/gradle-native-4.8.1.jar
7f71802fe000-7f7180300000 r--s 0000f000 00:20 26188                      /opt/gradle/lib/reflectasm-1.07-shaded.jar
7f7180300000-7f7180302000 r--s 00000000 00:20 26051                      /opt/gradle/lib/minlog-1.2.jar
7f7180302000-7f7180304000 r--s 00007000 00:20 26067                      /opt/gradle/lib/objenesis-1.2.jar
7f7180304000-7f7180308000 r--s 00026000 00:20 26049                      /opt/gradle/lib/kryo-2.20.jar
7f7180308000-7f718030f000 r--s 0002b000 00:20 26024                      /opt/gradle/lib/gradle-messaging-4.8.1.jar
7f718030f000-7f7180311000 r--s 00006000 00:20 26029                      /opt/gradle/lib/gradle-process-services-4.8.1.jar
7f7180311000-7f7180313000 r--s 00000000 00:20 26016                      /opt/gradle/lib/gradle-jvm-services-4.8.1.jar
7f7180313000-7f7180315000 r--s 00006000 00:20 26040                      /opt/gradle/lib/jsr305-2.0.1.jar
7f7180315000-7f718033d000 r--s 001cf000 00:20 26035                      /opt/gradle/lib/guava-jdk5-17.0.jar
7f718033d000-7f7180342000 r--s 00041000 00:20 26005                      /opt/gradle/lib/commons-lang-2.6.jar
7f7180342000-7f7180382000 r--s 0022a000 00:20 26012                      /opt/gradle/lib/gradle-core-4.8.1.jar
7f7180382000-7f7180383000 ---p 00000000 00:00 0 
7f7180383000-7f7180483000 rw-p 00000000 00:00 0 
7f7180483000-7f7180486000 ---p 00000000 00:00 0 
7f7180486000-7f7180584000 rw-p 00000000 00:00 0 
7f7180584000-7f7180587000 ---p 00000000 00:00 0 
7f7180587000-7f7180685000 rw-p 00000000 00:00 0 
7f7180685000-7f7180688000 ---p 00000000 00:00 0 
7f7180688000-7f7180786000 rw-p 00000000 00:00 0 
7f7180786000-7f7180789000 ---p 00000000 00:00 0 
7f7180789000-7f7180887000 rw-p 00000000 00:00 0 
7f7180887000-7f71809fa000 r--p 00000000 00:20 1066                       /usr/lib/locale/C.UTF-8/LC_COLLATE
7f71809fa000-7f71809fd000 ---p 00000000 00:00 0 
7f71809fd000-7f7180afb000 rw-p 00000000 00:00 0 
7f7180afb000-7f7180afe000 ---p 00000000 00:00 0 
7f7180afe000-7f7180bfc000 rw-p 00000000 00:00 0 
7f7180bfc000-7f7180bfd000 ---p 00000000 00:00 0 
7f7180bfd000-7f7181000000 rw-p 00000000 00:00 0 
7f7181000000-7f7181270000 rwxp 00000000 00:00 0 
7f7181270000-7f7190000000 ---p 00000000 00:00 0 
7f7190000000-7f7190574000 rw-p 00000000 00:00 0 
7f7190574000-7f7194000000 ---p 00000000 00:00 0 
7f7194000000-7f7194001000 r--s 00000000 00:20 26038                      /opt/gradle/lib/jcip-annotations-1.0.jar
7f7194001000-7f7194004000 r--s 0001a000 00:20 26006                      /opt/gradle/lib/fastutil-7.2.1-min.jar
7f7194004000-7f7194008000 r--s 0002a000 00:20 26004                      /opt/gradle/lib/commons-io-2.4.jar
7f7194008000-7f719400a000 r--s 00019000 00:20 25998                      /opt/gradle/lib/asm-6.1.1.jar
7f719400a000-7f719400b000 r--s 00009000 00:20 26189                      /opt/gradle/lib/slf4j-api-1.7.16.jar
7f719400b000-7f719400c000 r--s 00004000 00:20 25997                      /opt/gradle/lib/ant-launcher-1.9.11.jar
7f719400c000-7f719402b000 r--s 001d9000 00:20 25996                      /opt/gradle/lib/ant-1.9.11.jar
7f719402b000-7f7194037000 r--s 00036000 00:20 26013                      /opt/gradle/lib/gradle-core-api-4.8.1.jar
7f7194037000-7f7194043000 r--s 0005f000 00:20 26007                      /opt/gradle/lib/gradle-base-services-4.8.1.jar
7f7194043000-7f719404f000 r--s 00065000 00:20 26022                      /opt/gradle/lib/gradle-launcher-4.8.1.jar
7f719404f000-7f7194050000 r--s 00010000 00:20 15445                      /usr/lib/jvm/java-8-openjdk-amd64/jre/lib/ext/zipfs.jar
7f7194050000-7f7194053000 r--s 00038000 00:20 15444                      /usr/lib/jvm/java-8-openjdk-amd64/jre/lib/ext/sunpkcs11.jar
7f7194053000-7f7194059000 r--s 0003b000 00:20 15443                      /usr/lib/jvm/java-8-openjdk-amd64/jre/lib/ext/sunjce_provider.jar
7f7194059000-7f719405b000 r--s 00008000 00:20 15442                      /usr/lib/jvm/java-8-openjdk-amd64/jre/lib/ext/sunec.jar
7f719405b000-7f7194076000 r--s 001d6000 00:20 15441                      /usr/lib/jvm/java-8-openjdk-amd64/jre/lib/ext/nashorn.jar
7f7194076000-7f7194080000 r--s 00116000 00:20 15440                      /usr/lib/jvm/java-8-openjdk-amd64/jre/lib/ext/localedata.jar
7f7194080000-7f719409b000 r--s 00394000 00:20 15434                      /usr/lib/jvm/java-8-openjdk-amd64/jre/lib/ext/cldrdata.jar
7f719409b000-7f71940cc000 r--p 00000000 00:20 1067                       /usr/lib/locale/C.UTF-8/LC_CTYPE
7f71940cc000-7f7194762000 rw-p 00000000 00:00 0 
7f7194762000-7f7194931000 r--s 03c2f000 00:20 15475                      /usr/lib/jvm/java-8-openjdk-amd64/jre/lib/rt.jar
7f7194931000-7f7194ee7000 rw-p 00000000 00:00 0 
7f7194ee7000-7f71951a7000 ---p 00000000 00:00 0 
7f71951a7000-7f71956ac000 rw-p 00000000 00:00 0 
7f71956ac000-7f71956ad000 ---p 00000000 00:00 0 
7f71956ad000-7f71957ad000 rw-p 00000000 00:00 0 
7f71957ad000-7f71957ae000 ---p 00000000 00:00 0 
7f71957ae000-7f71958e4000 rw-p 00000000 00:00 0 
7f71958e4000-7f7195c07000 ---p 00000000 00:00 0 
7f7195c07000-7f7195c3d000 rw-p 00000000 00:00 0 
7f7195c3d000-7f7195f5f000 ---p 00000000 00:00 0 
7f7195f5f000-7f7195f7b000 rw-p 00000000 00:00 0 
7f7195f7b000-7f719610c000 ---p 00000000 00:00 0 
7f719610c000-7f7196117000 rw-p 00000000 00:00 0 
7f7196117000-7f71964cd000 ---p 00000000 00:00 0 
7f71964cd000-7f71964d5000 r-xp 00000000 00:20 15416                      /usr/lib/jvm/java-8-openjdk-amd64/jre/lib/amd64/libzip.so
7f71964d5000-7f71966d4000 ---p 00008000 00:20 15416                      /usr/lib/jvm/java-8-openjdk-amd64/jre/lib/amd64/libzip.so
7f71966d4000-7f71966d5000 r--p 00007000 00:20 15416                      /usr/lib/jvm/java-8-openjdk-amd64/jre/lib/amd64/libzip.so
7f71966d5000-7f71966d6000 rw-p 00008000 00:20 15416                      /usr/lib/jvm/java-8-openjdk-amd64/jre/lib/amd64/libzip.so
7f71966d6000-7f71966e0000 r-xp 00000000 00:20 644                        /lib/x86_64-linux-gnu/libnss_files-2.24.so
7f71966e0000-7f71968e0000 ---p 0000a000 00:20 644                        /lib/x86_64-linux-gnu/libnss_files-2.24.so
7f71968e0000-7f71968e1000 r--p 0000a000 00:20 644                        /lib/x86_64-linux-gnu/libnss_files-2.24.so
7f71968e1000-7f71968e2000 rw-p 0000b000 00:20 644                        /lib/x86_64-linux-gnu/libnss_files-2.24.so
7f71968e2000-7f71968e8000 rw-p 00000000 00:00 0 
7f71968e8000-7f71968f3000 r-xp 00000000 00:20 648                        /lib/x86_64-linux-gnu/libnss_nis-2.24.so
7f71968f3000-7f7196af2000 ---p 0000b000 00:20 648                        /lib/x86_64-linux-gnu/libnss_nis-2.24.so
7f7196af2000-7f7196af3000 r--p 0000a000 00:20 648                        /lib/x86_64-linux-gnu/libnss_nis-2.24.so
7f7196af3000-7f7196af4000 rw-p 0000b000 00:20 648                        /lib/x86_64-linux-gnu/libnss_nis-2.24.so
7f7196af4000-7f7196b08000 r-xp 00000000 00:20 638                        /lib/x86_64-linux-gnu/libnsl-2.24.so
7f7196b08000-7f7196d08000 ---p 00014000 00:20 638                        /lib/x86_64-linux-gnu/libnsl-2.24.so
7f7196d08000-7f7196d09000 r--p 00014000 00:20 638                        /lib/x86_64-linux-gnu/libnsl-2.24.so
7f7196d09000-7f7196d0a000 rw-p 00015000 00:20 638                        /lib/x86_64-linux-gnu/libnsl-2.24.so
7f7196d0a000-7f7196d0c000 rw-p 00000000 00:00 0 
7f7196d0c000-7f7196d13000 r-xp 00000000 00:20 640                        /lib/x86_64-linux-gnu/libnss_compat-2.24.so
7f7196d13000-7f7196f12000 ---p 00007000 00:20 640                        /lib/x86_64-linux-gnu/libnss_compat-2.24.so
7f7196f12000-7f7196f13000 r--p 00006000 00:20 640                        /lib/x86_64-linux-gnu/libnss_compat-2.24.so
7f7196f13000-7f7196f14000 rw-p 00007000 00:20 640                        /lib/x86_64-linux-gnu/libnss_compat-2.24.so
7f7196f14000-7f7196f41000 r-xp 00000000 00:20 15395                      /usr/lib/jvm/java-8-openjdk-amd64/jre/lib/amd64/libjava.so
7f7196f41000-7f7197141000 ---p 0002d000 00:20 15395                      /usr/lib/jvm/java-8-openjdk-amd64/jre/lib/amd64/libjava.so
7f7197141000-7f7197142000 r--p 0002d000 00:20 15395                      /usr/lib/jvm/java-8-openjdk-amd64/jre/lib/amd64/libjava.so
7f7197142000-7f7197144000 rw-p 0002e000 00:20 15395                      /usr/lib/jvm/java-8-openjdk-amd64/jre/lib/amd64/libjava.so
7f7197144000-7f7197153000 r-xp 00000000 00:20 15415                      /usr/lib/jvm/java-8-openjdk-amd64/jre/lib/amd64/libverify.so
7f7197153000-7f7197353000 ---p 0000f000 00:20 15415                      /usr/lib/jvm/java-8-openjdk-amd64/jre/lib/amd64/libverify.so
7f7197353000-7f7197355000 r--p 0000f000 00:20 15415                      /usr/lib/jvm/java-8-openjdk-amd64/jre/lib/amd64/libverify.so
7f7197355000-7f7197356000 rw-p 00011000 00:20 15415                      /usr/lib/jvm/java-8-openjdk-amd64/jre/lib/amd64/libverify.so
7f7197356000-7f719735d000 r-xp 00000000 00:20 665                        /lib/x86_64-linux-gnu/librt-2.24.so
7f719735d000-7f719755c000 ---p 00007000 00:20 665                        /lib/x86_64-linux-gnu/librt-2.24.so
7f719755c000-7f719755d000 r--p 00006000 00:20 665                        /lib/x86_64-linux-gnu/librt-2.24.so
7f719755d000-7f719755e000 rw-p 00007000 00:20 665                        /lib/x86_64-linux-gnu/librt-2.24.so
7f719755e000-7f7197574000 r-xp 00000000 00:20 618                        /lib/x86_64-linux-gnu/libgcc_s.so.1
7f7197574000-7f7197773000 ---p 00016000 00:20 618                        /lib/x86_64-linux-gnu/libgcc_s.so.1
7f7197773000-7f7197774000 r--p 00015000 00:20 618                        /lib/x86_64-linux-gnu/libgcc_s.so.1
7f7197774000-7f7197775000 rw-p 00016000 00:20 618                        /lib/x86_64-linux-gnu/libgcc_s.so.1
7f7197775000-7f7197878000 r-xp 00000000 00:20 627                        /lib/x86_64-linux-gnu/libm-2.24.so
7f7197878000-7f7197a77000 ---p 00103000 00:20 627                        /lib/x86_64-linux-gnu/libm-2.24.so
7f7197a77000-7f7197a78000 r--p 00102000 00:20 627                        /lib/x86_64-linux-gnu/libm-2.24.so
7f7197a78000-7f7197a79000 rw-p 00103000 00:20 627                        /lib/x86_64-linux-gnu/libm-2.24.so
7f7197a79000-7f7197beb000 r-xp 00000000 00:20 1384                       /usr/lib/x86_64-linux-gnu/libstdc++.so.6.0.22
7f7197beb000-7f7197deb000 ---p 00172000 00:20 1384                       /usr/lib/x86_64-linux-gnu/libstdc++.so.6.0.22
7f7197deb000-7f7197df5000 r--p 00172000 00:20 1384                       /usr/lib/x86_64-linux-gnu/libstdc++.so.6.0.22
7f7197df5000-7f7197df7000 rw-p 0017c000 00:20 1384                       /usr/lib/x86_64-linux-gnu/libstdc++.so.6.0.22
7f7197df7000-7f7197dfb000 rw-p 00000000 00:00 0 
7f7197dfb000-7f7198a55000 r-xp 00000000 00:20 15421                      /usr/lib/jvm/java-8-openjdk-amd64/jre/lib/amd64/server/libjvm.so
7f7198a55000-7f7198c54000 ---p 00c5a000 00:20 15421                      /usr/lib/jvm/java-8-openjdk-amd64/jre/lib/amd64/server/libjvm.so
7f7198c54000-7f7198ce8000 r--p 00c59000 00:20 15421                      /usr/lib/jvm/java-8-openjdk-amd64/jre/lib/amd64/server/libjvm.so
7f7198ce8000-7f7198d11000 rw-p 00ced000 00:20 15421                      /usr/lib/jvm/java-8-openjdk-amd64/jre/lib/amd64/server/libjvm.so
7f7198d11000-7f7198d41000 rw-p 00000000 00:00 0 
7f7198d41000-7f7198ed6000 r-xp 00000000 00:20 598                        /lib/x86_64-linux-gnu/libc-2.24.so
7f7198ed6000-7f71990d6000 ---p 00195000 00:20 598                        /lib/x86_64-linux-gnu/libc-2.24.so
7f71990d6000-7f71990da000 r--p 00195000 00:20 598                        /lib/x86_64-linux-gnu/libc-2.24.so
7f71990da000-7f71990dc000 rw-p 00199000 00:20 598                        /lib/x86_64-linux-gnu/libc-2.24.so
7f71990dc000-7f71990e0000 rw-p 00000000 00:00 0 
7f71990e0000-7f71990e3000 r-xp 00000000 00:20 610                        /lib/x86_64-linux-gnu/libdl-2.24.so
7f71990e3000-7f71992e2000 ---p 00003000 00:20 610                        /lib/x86_64-linux-gnu/libdl-2.24.so
7f71992e2000-7f71992e3000 r--p 00002000 00:20 610                        /lib/x86_64-linux-gnu/libdl-2.24.so
7f71992e3000-7f71992e4000 rw-p 00003000 00:20 610                        /lib/x86_64-linux-gnu/libdl-2.24.so
7f71992e4000-7f71992f1000 r-xp 00000000 00:20 15379                      /usr/lib/jvm/java-8-openjdk-amd64/jre/lib/amd64/jli/libjli.so
7f71992f1000-7f71994f1000 ---p 0000d000 00:20 15379                      /usr/lib/jvm/java-8-openjdk-amd64/jre/lib/amd64/jli/libjli.so
7f71994f1000-7f71994f2000 r--p 0000d000 00:20 15379                      /usr/lib/jvm/java-8-openjdk-amd64/jre/lib/amd64/jli/libjli.so
7f71994f2000-7f71994f3000 rw-p 0000e000 00:20 15379                      /usr/lib/jvm/java-8-openjdk-amd64/jre/lib/amd64/jli/libjli.so
7f71994f3000-7f719950c000 r-xp 00000000 00:20 686                        /lib/x86_64-linux-gnu/libz.so.1.2.8
7f719950c000-7f719970b000 ---p 00019000 00:20 686                        /lib/x86_64-linux-gnu/libz.so.1.2.8
7f719970b000-7f719970c000 r--p 00018000 00:20 686                        /lib/x86_64-linux-gnu/libz.so.1.2.8
7f719970c000-7f719970d000 rw-p 00019000 00:20 686                        /lib/x86_64-linux-gnu/libz.so.1.2.8
7f719970d000-7f7199725000 r-xp 00000000 00:20 661                        /lib/x86_64-linux-gnu/libpthread-2.24.so
7f7199725000-7f7199924000 ---p 00018000 00:20 661                        /lib/x86_64-linux-gnu/libpthread-2.24.so
7f7199924000-7f7199925000 r--p 00017000 00:20 661                        /lib/x86_64-linux-gnu/libpthread-2.24.so
7f7199925000-7f7199926000 rw-p 00018000 00:20 661                        /lib/x86_64-linux-gnu/libpthread-2.24.so
7f7199926000-7f719992a000 rw-p 00000000 00:00 0 
7f719992a000-7f719994d000 r-xp 00000000 00:20 580                        /lib/x86_64-linux-gnu/ld-2.24.so
7f719994d000-7f719994f000 r--s 00007000 00:20 23338                      /usr/share/java/java-atk-wrapper.jar
7f719994f000-7f7199950000 r--s 0000a000 00:20 15437                      /usr/lib/jvm/java-8-openjdk-amd64/jre/lib/ext/jaccess.jar
7f7199950000-7f7199953000 r--s 0000f000 00:20 15436                      /usr/lib/jvm/java-8-openjdk-amd64/jre/lib/ext/icedtea-sound.jar
7f7199953000-7f7199955000 r--s 00001000 00:20 15435                      /usr/lib/jvm/java-8-openjdk-amd64/jre/lib/ext/dnsns.jar
7f7199955000-7f7199956000 r--p 00000000 00:20 1074                       /usr/lib/locale/C.UTF-8/LC_NUMERIC
7f7199956000-7f7199957000 r--p 00000000 00:20 1077                       /usr/lib/locale/C.UTF-8/LC_TIME
7f7199957000-7f7199958000 r--p 00000000 00:20 1072                       /usr/lib/locale/C.UTF-8/LC_MONETARY
7f7199958000-7f7199959000 r--p 00000000 00:20 1071                       /usr/lib/locale/C.UTF-8/LC_MESSAGES/SYS_LC_MESSAGES
7f7199959000-7f719995a000 r--p 00000000 00:20 1075                       /usr/lib/locale/C.UTF-8/LC_PAPER
7f719995a000-7f719995b000 r--p 00000000 00:20 1073                       /usr/lib/locale/C.UTF-8/LC_NAME
7f719995b000-7f7199962000 r--s 00000000 00:20 1354                       /usr/lib/x86_64-linux-gnu/gconv/gconv-modules.cache
7f7199962000-7f7199a39000 rw-p 00000000 00:00 0 
7f7199a39000-7f7199a41000 rw-s 00000000 00:20 26217                      /tmp/hsperfdata_root/1
7f7199a41000-7f7199a44000 ---p 00000000 00:00 0 
7f7199a44000-7f7199b44000 rw-p 00000000 00:00 0 
7f7199b44000-7f7199b45000 r--p 00000000 00:20 1065                       /usr/lib/locale/C.UTF-8/LC_ADDRESS
7f7199b45000-7f7199b46000 r--p 00000000 00:20 1076                       /usr/lib/locale/C.UTF-8/LC_TELEPHONE
7f7199b46000-7f7199b47000 r--p 00000000 00:20 1069                       /usr/lib/locale/C.UTF-8/LC_MEASUREMENT
7f7199b47000-7f7199b48000 r--p 00000000 00:20 1068                       /usr/lib/locale/C.UTF-8/LC_IDENTIFICATION
7f7199b48000-7f7199b49000 rw-p 00000000 00:00 0 
7f7199b49000-7f7199b4a000 r--p 00000000 00:00 0 
7f7199b4a000-7f7199b4d000 rw-p 00000000 00:00 0 
7f7199b4d000-7f7199b4e000 r--p 00023000 00:20 580                        /lib/x86_64-linux-gnu/ld-2.24.so
7f7199b4e000-7f7199b4f000 rw-p 00024000 00:20 580                        /lib/x86_64-linux-gnu/ld-2.24.so
7f7199b4f000-7f7199b50000 rw-p 00000000 00:00 0 
7fff1a2d7000-7fff1a2f8000 rw-p 00000000 00:00 0                          [stack]
7fff1a36a000-7fff1a36e000 r--p 00000000 00:00 0                          [vvar]
7fff1a36e000-7fff1a370000 r-xp 00000000 00:00 0                          [vdso]
ffffffffff600000-ffffffffff601000 --xp 00000000 00:00 0                  [vsyscall]

VM Arguments:
jvm_args: -Dorg.gradle.appname=gradle 
java_command: org.gradle.launcher.GradleMain clean build
java_class_path (initial): /opt/gradle/lib/gradle-launcher-4.8.1.jar
Launcher Type: SUN_STANDARD

Environment Variables:
JAVA_HOME=/docker-java-home
PATH=/usr/local/sbin:/usr/local/bin:/usr/sbin:/usr/bin:/sbin:/bin

Signal Handlers:
SIGSEGV: [libjvm.so+0xa71730], sa_mask[0]=11111111011111111101111111111110, sa_flags=SA_RESTART|SA_SIGINFO
SIGBUS: [libjvm.so+0xa71730], sa_mask[0]=11111111011111111101111111111110, sa_flags=SA_RESTART|SA_SIGINFO
SIGFPE: [libjvm.so+0x8ba250], sa_mask[0]=11111111011111111101111111111110, sa_flags=SA_RESTART|SA_SIGINFO
SIGPIPE: [libjvm.so+0x8ba250], sa_mask[0]=11111111011111111101111111111110, sa_flags=SA_RESTART|SA_SIGINFO
SIGXFSZ: [libjvm.so+0x8ba250], sa_mask[0]=11111111011111111101111111111110, sa_flags=SA_RESTART|SA_SIGINFO
SIGILL: [libjvm.so+0x8ba250], sa_mask[0]=11111111011111111101111111111110, sa_flags=SA_RESTART|SA_SIGINFO
SIGUSR1: SIG_DFL, sa_mask[0]=00000000000000000000000000000000, sa_flags=none
SIGUSR2: [libjvm.so+0x8ba100], sa_mask[0]=00000000000000000000000000000000, sa_flags=SA_RESTART|SA_SIGINFO
SIGHUP: [libjvm.so+0x8ba5b0], sa_mask[0]=11111111011111111101111111111110, sa_flags=SA_RESTART|SA_SIGINFO
SIGINT: [libjvm.so+0x8ba5b0], sa_mask[0]=11111111011111111101111111111110, sa_flags=SA_RESTART|SA_SIGINFO
SIGTERM: [libjvm.so+0x8ba5b0], sa_mask[0]=11111111011111111101111111111110, sa_flags=SA_RESTART|SA_SIGINFO
SIGQUIT: [libjvm.so+0x8ba5b0], sa_mask[0]=11111111011111111101111111111110, sa_flags=SA_RESTART|SA_SIGINFO


---------------  S Y S T E M  ---------------

OS:PRETTY_NAME="Debian GNU/Linux 9 (stretch)"
NAME="Debian GNU/Linux"
VERSION_ID="9"
VERSION="9 (stretch)"
ID=debian
HOME_URL="https://www.debian.org/"
SUPPORT_URL="https://www.debian.org/support"
BUG_REPORT_URL="https://bugs.debian.org/"

uname:Linux 5.17.5-300.fc36.x86_64 #1 SMP PREEMPT Thu Apr 28 15:51:30 UTC 2022 x86_64
libc:glibc 2.24 NPTL 2.24 
rlimit: STACK 8192k, CORE infinity, NPROC infinity, NOFILE 1073741816, AS infinity
load average:0.75 0.33 0.29

/proc/meminfo:
MemTotal:       10521048 kB
MemFree:          999784 kB
MemAvailable:    6702780 kB
Buffers:            3312 kB
Cached:          5650812 kB
SwapCached:           28 kB
Active:          3563156 kB
Inactive:        5093672 kB
Active(anon):       4376 kB
Inactive(anon):  3090740 kB
Active(file):    3558780 kB
Inactive(file):  2002932 kB
Unevictable:        5668 kB
Mlocked:            5652 kB
SwapTotal:       8134652 kB
SwapFree:        8134140 kB
Dirty:              2352 kB
Writeback:             0 kB
AnonPages:       3008380 kB
Mapped:           614656 kB
Shmem:             87292 kB
KReclaimable:     458736 kB
Slab:             622684 kB
SReclaimable:     458736 kB
SUnreclaim:       163948 kB
KernelStack:       17536 kB
PageTables:        42052 kB
NFS_Unstable:          0 kB
Bounce:                0 kB
WritebackTmp:          0 kB
CommitLimit:    13395176 kB
Committed_AS:    8726092 kB
VmallocTotal:   34359738367 kB
VmallocUsed:       82640 kB
VmallocChunk:          0 kB
Percpu:             2216 kB
HardwareCorrupted:     0 kB
AnonHugePages:         0 kB
ShmemHugePages:        0 kB
ShmemPmdMapped:        0 kB
FileHugePages:         0 kB
FilePmdMapped:         0 kB
CmaTotal:              0 kB
CmaFree:               0 kB
HugePages_Total:       0
HugePages_Free:        0
HugePages_Rsvd:        0
HugePages_Surp:        0
Hugepagesize:       2048 kB
Hugetlb:               0 kB
DirectMap4k:      460076 kB
DirectMap2M:    10942464 kB
DirectMap1G:     2097152 kB


CPU:total 2 (initial active 2) (1 cores per cpu, 2 threads per core) family 6 model 78 stepping 3, cmov, cx8, fxsr, mmx, sse, sse2, sse3, ssse3, sse4.1, sse4.2, popcnt, avx, avx2, aes, clmul, erms, rtm, 3dnowpref, lzcnt, ht, tsc, bmi1, bmi2, adx

/proc/cpuinfo:
processor	: 0
vendor_id	: GenuineIntel
cpu family	: 6
model		: 78
model name	: Intel(R) Core(TM) i7-6600U CPU @ 2.60GHz
stepping	: 3
microcode	: 0xffffffff
cpu MHz		: 2808.000
cache size	: 4096 KB
physical id	: 0
siblings	: 2
core id		: 0
cpu cores	: 1
apicid		: 0
initial apicid	: 0
fpu		: yes
fpu_exception	: yes
cpuid level	: 21
wp		: yes
flags		: fpu vme de pse tsc msr pae mce cx8 apic sep mtrr pge mca cmov pat pse36 clflush mmx fxsr sse sse2 ss ht syscall nx pdpe1gb rdtscp lm constant_tsc rep_good nopl xtopology cpuid pni pclmulqdq ssse3 fma cx16 pcid sse4_1 sse4_2 movbe popcnt aes xsave avx f16c rdrand hypervisor lahf_lm abm 3dnowprefetch invpcid_single pti ssbd ibrs ibpb stibp fsgsbase bmi1 hle avx2 smep bmi2 erms invpcid rtm rdseed adx smap clflushopt xsaveopt xsavec xgetbv1 xsaves flush_l1d arch_capabilities
bugs		: cpu_meltdown spectre_v1 spectre_v2 spec_store_bypass l1tf mds swapgs taa itlb_multihit srbds
bogomips	: 5616.00
clflush size	: 64
cache_alignment	: 64
address sizes	: 39 bits physical, 48 bits virtual
power management:

processor	: 1
vendor_id	: GenuineIntel
cpu family	: 6
model		: 78
model name	: Intel(R) Core(TM) i7-6600U CPU @ 2.60GHz
stepping	: 3
microcode	: 0xffffffff
cpu MHz		: 2808.000
cache size	: 4096 KB
physical id	: 0
siblings	: 2
core id		: 0
cpu cores	: 1
apicid		: 1
initial apicid	: 1
fpu		: yes
fpu_exception	: yes
cpuid level	: 21
wp		: yes
flags		: fpu vme de pse tsc msr pae mce cx8 apic sep mtrr pge mca cmov pat pse36 clflush mmx fxsr sse sse2 ss ht syscall nx pdpe1gb rdtscp lm constant_tsc rep_good nopl xtopology cpuid pni pclmulqdq ssse3 fma cx16 pcid sse4_1 sse4_2 movbe popcnt aes xsave avx f16c rdrand hypervisor lahf_lm abm 3dnowprefetch invpcid_single pti ssbd ibrs ibpb stibp fsgsbase bmi1 hle avx2 smep bmi2 erms invpcid rtm rdseed adx smap clflushopt xsaveopt xsavec xgetbv1 xsaves flush_l1d arch_capabilities
bugs		: cpu_meltdown spectre_v1 spectre_v2 spec_store_bypass l1tf mds swapgs taa itlb_multihit srbds
bogomips	: 5616.00
clflush size	: 64
cache_alignment	: 64
address sizes	: 39 bits physical, 48 bits virtual
power management:



Memory: 4k page, physical 10521048k(999784k free), swap 8134652k(8134140k free)

vm_info: OpenJDK 64-Bit Server VM (25.171-b11) for linux-amd64 JRE (1.8.0_171-8u171-b11-1~deb9u1-b11), built on Apr 27 2018 14:37:13 by "pbuilder" with gcc 6.3.0 20170516

time: Fri Jun 10 08:19:00 2022
elapsed time: 0 seconds (0d 0h 0m 0s)

